<?xml version="1.0" encoding="UTF-8"?>
<testsuite xmlns:xsi="http://www.w3.org/2001/XMLSchema-instance" xsi:noNamespaceSchemaLocation="https://maven.apache.org/surefire/maven-surefire-plugin/xsd/surefire-test-report.xsd" version="3.0.2" name="TestSuite" time="9.857" tests="2" errors="0" skipped="0" failures="0">
  <properties>
[...]
</properties>
  <testcase name="testSuccessfulRegistration" classname="testCases.AcccountRegisterTest" time="1.526">
    <system-out><![CDATA[13:05:52:145 [TestNG-tests-1] INFO  testCases.AcccountRegisterTest - ***** Starting AcccountRegisterTest *****
13:05:52:312 [TestNG-tests-1] INFO  testCases.AcccountRegisterTest - Clicked on Account link
13:05:52:661 [TestNG-tests-1] INFO  testCases.AcccountRegisterTest - Clicked on Register link
13:05:52:686 [TestNG-tests-1] INFO  testCases.AcccountRegisterTest - Providing customer details
MmPdr@gmail.com
13:05:53:654 [TestNG-tests-1] INFO  testCases.AcccountRegisterTest - validating confirm message
Success
13:05:53:654 [TestNG-tests-1] INFO  testCases.AcccountRegisterTest - ***** Finished AcccountRegisterTest *****
]]></system-out>
    <system-err><![CDATA[SLF4J(W): No SLF4J providers were found.
SLF4J(W): Defaulting to no-operation (NOP) logger implementation
SLF4J(W): See https://www.slf4j.org/codes.html#noProviders for further details.
Mar 13, 2025 1:05:51 PM org.openqa.selenium.devtools.CdpVersionFinder findNearestMatch
WARNING: Unable to find CDP implementation matching 134
Mar 13, 2025 1:05:51 PM org.openqa.selenium.chromium.ChromiumDriver lambda$new$5
WARNING: Unable to find version of CDP to use for 134.0.6998.89. You may need to include a dependency on a specific version of the CDP using something similar to `org.seleniumhq.selenium:selenium-devtools-v86:4.15.0` where the version ("v86") matches the version of the chromium-based browser you're using and the version number of the artifact is the same as Selenium's.
]]></system-err>
  </testcase>
  <testcase name="testSuccessfulLogin" classname="testCases.LoginTest" time="1.145">
    <system-out><![CDATA[13:05:55:937 [TestNG-tests-1] INFO  testCases.LoginTest - *** START *** LOGIN TEST ***
13:05:57:079 [TestNG-tests-1] INFO  testCases.LoginTest - *** END *** LOGIN TEST ***
C:\Users\Shwetha\OneDrive\Desktop\Selenium\RakeshMavenProject
]]></system-out>
    <system-err><![CDATA[Mar 13, 2025 1:05:55 PM org.openqa.selenium.devtools.CdpVersionFinder findNearestMatch
WARNING: Unable to find CDP implementation matching 134
Mar 13, 2025 1:05:55 PM org.openqa.selenium.chromium.ChromiumDriver lambda$new$5
WARNING: Unable to find version of CDP to use for 134.0.6998.89. You may need to include a dependency on a specific version of the CDP using something similar to `org.seleniumhq.selenium:selenium-devtools-v86:4.15.0` where the version ("v86") matches the version of the chromium-based browser you're using and the version number of the artifact is the same as Selenium's.
]]></system-err>
  </testcase>
</testsuite>