<?xml version="1.0" encoding="UTF-8"?>
<testng-results ignored="0" total="2" passed="2" failed="0" skipped="0">
  <reporter-output>
  </reporter-output>
  <suite started-at="2025-03-14T13:17:19 IST" name="Master-Suite" finished-at="2025-03-14T13:17:31 IST" duration-ms="11697">
    <groups>
      <group name="Master">
        <method signature="AcccountRegisterTest.testSuccessfulRegistration()[pri:0, instance:testCases.AcccountRegisterTest@443118b0]" name="testSuccessfulRegistration" class="testCases.AcccountRegisterTest"/>
        <method signature="LoginTest.testSuccessfulLogin()[pri:0, instance:testCases.LoginTest@5e0e82ae]" name="testSuccessfulLogin" class="testCases.LoginTest"/>
      </group> <!-- Master -->
      <group name="Sanity">
        <method signature="LoginTest.testSuccessfulLogin()[pri:0, instance:testCases.LoginTest@5e0e82ae]" name="testSuccessfulLogin" class="testCases.LoginTest"/>
      </group> <!-- Sanity -->
      <group name="Regression">
        <method signature="AcccountRegisterTest.testSuccessfulRegistration()[pri:0, instance:testCases.AcccountRegisterTest@443118b0]" name="testSuccessfulRegistration" class="testCases.AcccountRegisterTest"/>
      </group> <!-- Regression -->
    </groups>
    <test started-at="2025-03-14T13:17:19 IST" name="TestChrome" finished-at="2025-03-14T13:17:31 IST" duration-ms="11697">
      <class name="testCases.AcccountRegisterTest">
        <test-method is-config="true" signature="setup(java.lang.String)[pri:0, instance:testCases.AcccountRegisterTest@443118b0]" started-at="2025-03-14T13:17:19 IST" name="setup" finished-at="2025-03-14T13:17:25 IST" duration-ms="5229" status="PASS">
          <params>
            <param index="0">
              <value>
                <![CDATA[chrome]]>
              </value>
            </param>
          </params>
          <reporter-output>
          </reporter-output>
        </test-method> <!-- setup -->
        <test-method signature="testSuccessfulRegistration()[pri:0, instance:testCases.AcccountRegisterTest@443118b0]" started-at="2025-03-14T13:17:25 IST" name="testSuccessfulRegistration" finished-at="2025-03-14T13:17:26 IST" duration-ms="1765" status="PASS">
          <reporter-output>
          </reporter-output>
        </test-method> <!-- testSuccessfulRegistration -->
        <test-method is-config="true" signature="closeBrowser()[pri:0, instance:testCases.AcccountRegisterTest@443118b0]" started-at="2025-03-14T13:17:26 IST" name="closeBrowser" finished-at="2025-03-14T13:17:27 IST" duration-ms="279" status="PASS">
          <reporter-output>
          </reporter-output>
        </test-method> <!-- closeBrowser -->
      </class> <!-- testCases.AcccountRegisterTest -->
      <class name="testCases.LoginTest">
        <test-method is-config="true" signature="setup(java.lang.String)[pri:0, instance:testCases.LoginTest@5e0e82ae]" started-at="2025-03-14T13:17:27 IST" name="setup" finished-at="2025-03-14T13:17:29 IST" duration-ms="2603" status="PASS">
          <params>
            <param index="0">
              <value>
                <![CDATA[chrome]]>
              </value>
            </param>
          </params>
          <reporter-output>
          </reporter-output>
        </test-method> <!-- setup -->
        <test-method signature="testSuccessfulLogin()[pri:0, instance:testCases.LoginTest@5e0e82ae]" started-at="2025-03-14T13:17:29 IST" name="testSuccessfulLogin" finished-at="2025-03-14T13:17:31 IST" duration-ms="1202" status="PASS">
          <reporter-output>
          </reporter-output>
        </test-method> <!-- testSuccessfulLogin -->
        <test-method is-config="true" signature="closeBrowser()[pri:0, instance:testCases.LoginTest@5e0e82ae]" started-at="2025-03-14T13:17:31 IST" name="closeBrowser" finished-at="2025-03-14T13:17:31 IST" duration-ms="265" status="PASS">
          <reporter-output>
          </reporter-output>
        </test-method> <!-- closeBrowser -->
      </class> <!-- testCases.LoginTest -->
    </test> <!-- TestChrome -->
  </suite> <!-- Master-Suite -->
</testng-results>
