<?xml version="1.0" encoding="UTF-8"?>
<testng-results ignored="0" total="2" passed="2" failed="0" skipped="0">
  <reporter-output>
  </reporter-output>
  <suite started-at="2025-03-13T12:54:25 IST" name="Master-Suite" finished-at="2025-03-13T12:54:34 IST" duration-ms="8991">
    <groups>
      <group name="Master">
        <method signature="AcccountRegisterTest.testSuccessfulRegistration()[pri:0, instance:testCases.AcccountRegisterTest@2a65fe7c]" name="testSuccessfulRegistration" class="testCases.AcccountRegisterTest"/>
        <method signature="LoginTest.testSuccessfulLogin()[pri:0, instance:testCases.LoginTest@128d2484]" name="testSuccessfulLogin" class="testCases.LoginTest"/>
      </group> <!-- Master -->
      <group name="Sanity">
        <method signature="LoginTest.testSuccessfulLogin()[pri:0, instance:testCases.LoginTest@128d2484]" name="testSuccessfulLogin" class="testCases.LoginTest"/>
      </group> <!-- Sanity -->
      <group name="Regression">
        <method signature="AcccountRegisterTest.testSuccessfulRegistration()[pri:0, instance:testCases.AcccountRegisterTest@2a65fe7c]" name="testSuccessfulRegistration" class="testCases.AcccountRegisterTest"/>
      </group> <!-- Regression -->
    </groups>
    <test started-at="2025-03-13T12:54:25 IST" name="TestChrome" finished-at="2025-03-13T12:54:34 IST" duration-ms="8991">
      <class name="testCases.AcccountRegisterTest">
        <test-method is-config="true" signature="setup(java.lang.String)[pri:0, instance:testCases.AcccountRegisterTest@2a65fe7c]" started-at="2025-03-13T12:54:25 IST" name="setup" finished-at="2025-03-13T12:54:29 IST" duration-ms="3556" status="PASS">
          <params>
            <param index="0">
              <value>
                <![CDATA[chrome]]>
              </value>
            </param>
          </params>
          <reporter-output>
          </reporter-output>
        </test-method> <!-- setup -->
        <test-method signature="testSuccessfulRegistration()[pri:0, instance:testCases.AcccountRegisterTest@2a65fe7c]" started-at="2025-03-13T12:54:29 IST" name="testSuccessfulRegistration" finished-at="2025-03-13T12:54:30 IST" duration-ms="1737" status="PASS">
          <reporter-output>
          </reporter-output>
        </test-method> <!-- testSuccessfulRegistration -->
        <test-method is-config="true" signature="closeBrowser()[pri:0, instance:testCases.AcccountRegisterTest@2a65fe7c]" started-at="2025-03-13T12:54:30 IST" name="closeBrowser" finished-at="2025-03-13T12:54:31 IST" duration-ms="209" status="PASS">
          <reporter-output>
          </reporter-output>
        </test-method> <!-- closeBrowser -->
      </class> <!-- testCases.AcccountRegisterTest -->
      <class name="testCases.LoginTest">
        <test-method is-config="true" signature="setup(java.lang.String)[pri:0, instance:testCases.LoginTest@128d2484]" started-at="2025-03-13T12:54:31 IST" name="setup" finished-at="2025-03-13T12:54:32 IST" duration-ms="1847" status="PASS">
          <params>
            <param index="0">
              <value>
                <![CDATA[chrome]]>
              </value>
            </param>
          </params>
          <reporter-output>
          </reporter-output>
        </test-method> <!-- setup -->
        <test-method signature="testSuccessfulLogin()[pri:0, instance:testCases.LoginTest@128d2484]" started-at="2025-03-13T12:54:32 IST" name="testSuccessfulLogin" finished-at="2025-03-13T12:54:33 IST" duration-ms="1105" status="PASS">
          <reporter-output>
          </reporter-output>
        </test-method> <!-- testSuccessfulLogin -->
        <test-method is-config="true" signature="closeBrowser()[pri:0, instance:testCases.LoginTest@128d2484]" started-at="2025-03-13T12:54:34 IST" name="closeBrowser" finished-at="2025-03-13T12:54:34 IST" duration-ms="210" status="PASS">
          <reporter-output>
          </reporter-output>
        </test-method> <!-- closeBrowser -->
      </class> <!-- testCases.LoginTest -->
    </test> <!-- TestChrome -->
  </suite> <!-- Master-Suite -->
</testng-results>
